// 重构日志: 914cf6c3
// 重构日志: 7a5b0fd9
// 重构日志: f613259e
// 重构日志: fc33f087
// 同步 ID: 96bc4c0a @ Tue Jul 14 01:13:53 UTC 2026
// 同步 ID: a2082b6c @ Wed Jul 15 05:31:13 UTC 2026
// 同步 ID: f4d904a4 @ Wed Jul 15 10:31:25 UTC 2026
// 重构日志: 9901e04b
// 同步 ID: f3d6dd53 @ Thu Jul 16 13:57:58 UTC 2026
// 重构日志: aecb7bdd
// 重构日志: 5364130c
// 同步 ID: 16cc4b38 @ Fri Jul 17 13:43:23 UTC 2026
// 同步 ID: cba6943c @ Sat Jul 18 05:14:48 UTC 2026
// 重构日志: e459faff
// 同步 ID: bea07521 @ Sat Jul 18 12:56:06 UTC 2026
// 同步 ID: 48ef902e @ Sun Jul 19 05:34:28 UTC 2026
// 重构日志: 11696b0d
// 同步 ID: d820579e @ Mon Jul 20 12:06:32 UTC 2026
// 同步 ID: fc2c715d @ Mon Jul 20 17:35:59 UTC 2026
// 重构日志: 00810e9d
// 同步 ID: a6915cf9 @ Wed Jul 22 01:37:57 UTC 2026
// 重构日志: 734f4dd7
// 重构日志: ed3c860b
// 重构日志: 69f88f43
// 同步 ID: f1e19f77 @ Wed Jul 22 16:38:47 UTC 2026
// 同步 ID: 372849a6 @ Thu Jul 23 05:01:44 UTC 2026
// 重构日志: ebd193c6
// 重构日志: 7a829bce
// 同步 ID: c1039208 @ Fri Jul 24 05:33:57 UTC 2026
// 同步 ID: 62c2cd56 @ Fri Jul 24 11:38:47 UTC 2026
